2020-08-11 02:01:51 *NORMAL*     Started on Windows 10.0.0.18363 x64. Driver status: 0xC0000225
2020-08-11 02:01:51 *CRITICAL*   Injection initiated. Mode: 0, process type: 0, pid: 19924, mmap flags: 0x0, erasePE: 0, unlink: 0, thread hijack: 0, init routine: '', init arg: ''
2020-08-11 02:01:51 *CRITICAL*   Injecting image 'C:\Users\Kris\Documents\coding\RLBot\ML\SuperSonicML\bin\Release\asmjit.dll'
2020-08-11 02:01:51 *ERROR*      Can't inject 64 bit image 'asmjit.dll' into WOW64 process
2020-08-11 02:01:52 *ERROR*      Context validation failed, status: 0xC000035A
2020-08-11 02:01:52 *CRITICAL*   Injecting image 'C:\Users\Kris\Documents\coding\RLBot\ML\SuperSonicML\bin\Release\c10.dll'
2020-08-11 02:01:52 *ERROR*      Can't inject 64 bit image 'c10.dll' into WOW64 process
2020-08-11 02:01:53 *ERROR*      Context validation failed, status: 0xC000035A
2020-08-11 02:01:53 *CRITICAL*   Injecting image 'C:\Users\Kris\Documents\coding\RLBot\ML\SuperSonicML\bin\Release\caffe2_detectron_ops.dll'
2020-08-11 02:01:53 *ERROR*      Can't inject 64 bit image 'caffe2_detectron_ops.dll' into WOW64 process
2020-08-11 02:01:53 *ERROR*      Context validation failed, status: 0xC000035A
2020-08-11 02:01:53 *CRITICAL*   Injecting image 'C:\Users\Kris\Documents\coding\RLBot\ML\SuperSonicML\bin\Release\caffe2_module_test_dynamic.dll'
2020-08-11 02:01:53 *ERROR*      Can't inject 64 bit image 'caffe2_module_test_dynamic.dll' into WOW64 process
2020-08-11 02:01:53 *ERROR*      Context validation failed, status: 0xC000035A
2020-08-11 02:01:53 *CRITICAL*   Injecting image 'C:\Users\Kris\Documents\coding\RLBot\ML\SuperSonicML\bin\Release\fbgemm.dll'
2020-08-11 02:01:53 *ERROR*      Can't inject 64 bit image 'fbgemm.dll' into WOW64 process
2020-08-11 02:01:53 *ERROR*      Context validation failed, status: 0xC000035A
2020-08-11 02:01:53 *CRITICAL*   Injecting image 'C:\Users\Kris\Documents\coding\RLBot\ML\SuperSonicML\bin\Release\libiomp5md.dll'
2020-08-11 02:01:53 *ERROR*      Can't inject 64 bit image 'libiomp5md.dll' into WOW64 process
2020-08-11 02:01:53 *ERROR*      Context validation failed, status: 0xC000035A
2020-08-11 02:01:53 *CRITICAL*   Injecting image 'C:\Users\Kris\Documents\coding\RLBot\ML\SuperSonicML\bin\Release\libiompstubs5md.dll'
2020-08-11 02:01:53 *ERROR*      Can't inject 64 bit image 'libiompstubs5md.dll' into WOW64 process
2020-08-11 02:01:53 *ERROR*      Context validation failed, status: 0xC000035A
2020-08-11 02:01:53 *CRITICAL*   Injecting image 'C:\Users\Kris\Documents\coding\RLBot\ML\SuperSonicML\bin\Release\SuperSonicML.dll'
2020-08-11 02:01:53 *ERROR*      Can't inject 64 bit image 'SuperSonicML.dll' into WOW64 process
2020-08-11 02:01:53 *ERROR*      Context validation failed, status: 0xC000035A
2020-08-11 02:01:53 *CRITICAL*   Injecting image 'C:\Users\Kris\Documents\coding\RLBot\ML\SuperSonicML\bin\Release\torch.dll'
2020-08-11 02:01:53 *ERROR*      Can't inject 64 bit image 'torch.dll' into WOW64 process
2020-08-11 02:01:54 *ERROR*      Context validation failed, status: 0xC000035A
2020-08-11 02:01:54 *CRITICAL*   Injecting image 'C:\Users\Kris\Documents\coding\RLBot\ML\SuperSonicML\bin\Release\torch_cpu.dll'
2020-08-11 02:01:54 *ERROR*      Can't inject 64 bit image 'torch_cpu.dll' into WOW64 process
2020-08-11 02:01:54 *ERROR*      Context validation failed, status: 0xC000035A
2020-08-11 02:01:54 *CRITICAL*   Injecting image 'C:\Users\Kris\Documents\coding\RLBot\ML\SuperSonicML\bin\Release\torch_global_deps.dll'
2020-08-11 02:01:54 *ERROR*      Can't inject 64 bit image 'torch_global_deps.dll' into WOW64 process
2020-08-11 02:01:54 *ERROR*      Context validation failed, status: 0xC000035A

2020-08-11 02:01:55 *NORMAL*     Started on Windows 10.0.0.18363 x64. Driver status: 0xC0000225
2020-08-11 02:01:55 *CRITICAL*   Injection initiated. Mode: 0, process type: 0, pid: 19924, mmap flags: 0x0, erasePE: 0, unlink: 0, thread hijack: 0, init routine: '', init arg: ''
2020-08-11 02:01:55 *CRITICAL*   Injecting image 'C:\Users\Kris\Documents\coding\RLBot\ML\SuperSonicML\bin\Release\asmjit.dll'
2020-08-11 02:01:55 *ERROR*      Can't inject 64 bit image 'asmjit.dll' into WOW64 process
2020-08-11 02:01:56 *ERROR*      Context validation failed, status: 0xC000035A
2020-08-11 02:01:56 *CRITICAL*   Injecting image 'C:\Users\Kris\Documents\coding\RLBot\ML\SuperSonicML\bin\Release\c10.dll'
2020-08-11 02:01:56 *ERROR*      Can't inject 64 bit image 'c10.dll' into WOW64 process
2020-08-11 02:01:57 *ERROR*      Context validation failed, status: 0xC000035A
2020-08-11 02:01:57 *CRITICAL*   Injecting image 'C:\Users\Kris\Documents\coding\RLBot\ML\SuperSonicML\bin\Release\caffe2_detectron_ops.dll'
2020-08-11 02:01:57 *ERROR*      Can't inject 64 bit image 'caffe2_detectron_ops.dll' into WOW64 process
2020-08-11 02:01:57 *ERROR*      Context validation failed, status: 0xC000035A
2020-08-11 02:01:57 *CRITICAL*   Injecting image 'C:\Users\Kris\Documents\coding\RLBot\ML\SuperSonicML\bin\Release\caffe2_module_test_dynamic.dll'
2020-08-11 02:01:57 *ERROR*      Can't inject 64 bit image 'caffe2_module_test_dynamic.dll' into WOW64 process
2020-08-11 02:01:57 *ERROR*      Context validation failed, status: 0xC000035A
2020-08-11 02:01:57 *CRITICAL*   Injecting image 'C:\Users\Kris\Documents\coding\RLBot\ML\SuperSonicML\bin\Release\fbgemm.dll'
2020-08-11 02:01:57 *ERROR*      Can't inject 64 bit image 'fbgemm.dll' into WOW64 process
2020-08-11 02:01:57 *ERROR*      Context validation failed, status: 0xC000035A
2020-08-11 02:01:57 *CRITICAL*   Injecting image 'C:\Users\Kris\Documents\coding\RLBot\ML\SuperSonicML\bin\Release\libiomp5md.dll'
2020-08-11 02:01:57 *ERROR*      Can't inject 64 bit image 'libiomp5md.dll' into WOW64 process
2020-08-11 02:01:58 *ERROR*      Context validation failed, status: 0xC000035A
2020-08-11 02:01:58 *CRITICAL*   Injecting image 'C:\Users\Kris\Documents\coding\RLBot\ML\SuperSonicML\bin\Release\libiompstubs5md.dll'
2020-08-11 02:01:58 *ERROR*      Can't inject 64 bit image 'libiompstubs5md.dll' into WOW64 process
2020-08-11 02:01:58 *ERROR*      Context validation failed, status: 0xC000035A
2020-08-11 02:01:58 *CRITICAL*   Injecting image 'C:\Users\Kris\Documents\coding\RLBot\ML\SuperSonicML\bin\Release\SuperSonicML.dll'
2020-08-11 02:01:58 *ERROR*      Can't inject 64 bit image 'SuperSonicML.dll' into WOW64 process
2020-08-11 02:01:58 *ERROR*      Context validation failed, status: 0xC000035A
2020-08-11 02:01:58 *CRITICAL*   Injecting image 'C:\Users\Kris\Documents\coding\RLBot\ML\SuperSonicML\bin\Release\torch.dll'
2020-08-11 02:01:58 *ERROR*      Can't inject 64 bit image 'torch.dll' into WOW64 process
2020-08-11 02:01:58 *ERROR*      Context validation failed, status: 0xC000035A
2020-08-11 02:01:58 *CRITICAL*   Injecting image 'C:\Users\Kris\Documents\coding\RLBot\ML\SuperSonicML\bin\Release\torch_cpu.dll'
2020-08-11 02:01:58 *ERROR*      Can't inject 64 bit image 'torch_cpu.dll' into WOW64 process
2020-08-11 02:01:59 *ERROR*      Context validation failed, status: 0xC000035A
2020-08-11 02:01:59 *CRITICAL*   Injecting image 'C:\Users\Kris\Documents\coding\RLBot\ML\SuperSonicML\bin\Release\torch_global_deps.dll'
2020-08-11 02:01:59 *ERROR*      Can't inject 64 bit image 'torch_global_deps.dll' into WOW64 process
2020-08-11 02:01:59 *ERROR*      Context validation failed, status: 0xC000035A

2020-08-11 02:09:16 *NORMAL*     Started on Windows 10.0.0.18363 x64. Driver status: 0xC0000225
2020-08-11 02:09:16 *CRITICAL*   Injection initiated. Mode: 0, process type: 0, pid: 18404, mmap flags: 0x0, erasePE: 0, unlink: 0, thread hijack: 0, init routine: '', init arg: ''
2020-08-11 02:09:16 *CRITICAL*   Injecting image 'C:\Users\Kris\Documents\coding\RLBot\ML\SuperSonicML\bin\Release\asmjit.dll'
2020-08-11 02:09:16 *ERROR*      Can't inject 64 bit image 'asmjit.dll' into WOW64 process
2020-08-11 02:09:17 *ERROR*      Context validation failed, status: 0xC000035A
2020-08-11 02:09:17 *CRITICAL*   Injecting image 'C:\Users\Kris\Documents\coding\RLBot\ML\SuperSonicML\bin\Release\c10.dll'
2020-08-11 02:09:17 *ERROR*      Can't inject 64 bit image 'c10.dll' into WOW64 process
2020-08-11 02:09:17 *ERROR*      Context validation failed, status: 0xC000035A
2020-08-11 02:09:17 *CRITICAL*   Injecting image 'C:\Users\Kris\Documents\coding\RLBot\ML\SuperSonicML\bin\Release\caffe2_detectron_ops.dll'
2020-08-11 02:09:17 *ERROR*      Can't inject 64 bit image 'caffe2_detectron_ops.dll' into WOW64 process
2020-08-11 02:09:17 *ERROR*      Context validation failed, status: 0xC000035A
2020-08-11 02:09:17 *CRITICAL*   Injecting image 'C:\Users\Kris\Documents\coding\RLBot\ML\SuperSonicML\bin\Release\caffe2_module_test_dynamic.dll'
2020-08-11 02:09:17 *ERROR*      Can't inject 64 bit image 'caffe2_module_test_dynamic.dll' into WOW64 process
2020-08-11 02:09:18 *ERROR*      Context validation failed, status: 0xC000035A
2020-08-11 02:09:18 *CRITICAL*   Injecting image 'C:\Users\Kris\Documents\coding\RLBot\ML\SuperSonicML\bin\Release\fbgemm.dll'
2020-08-11 02:09:18 *ERROR*      Can't inject 64 bit image 'fbgemm.dll' into WOW64 process
2020-08-11 02:09:18 *ERROR*      Context validation failed, status: 0xC000035A
2020-08-11 02:09:18 *CRITICAL*   Injecting image 'C:\Users\Kris\Documents\coding\RLBot\ML\SuperSonicML\bin\Release\libiomp5md.dll'
2020-08-11 02:09:18 *ERROR*      Can't inject 64 bit image 'libiomp5md.dll' into WOW64 process
2020-08-11 02:09:18 *ERROR*      Context validation failed, status: 0xC000035A
2020-08-11 02:09:18 *CRITICAL*   Injecting image 'C:\Users\Kris\Documents\coding\RLBot\ML\SuperSonicML\bin\Release\libiompstubs5md.dll'
2020-08-11 02:09:18 *ERROR*      Can't inject 64 bit image 'libiompstubs5md.dll' into WOW64 process
2020-08-11 02:09:18 *ERROR*      Context validation failed, status: 0xC000035A
2020-08-11 02:09:18 *CRITICAL*   Injecting image 'C:\Users\Kris\Documents\coding\RLBot\ML\SuperSonicML\bin\Release\SuperSonicML.dll'
2020-08-11 02:09:18 *ERROR*      Can't inject 64 bit image 'SuperSonicML.dll' into WOW64 process
2020-08-11 02:09:18 *ERROR*      Context validation failed, status: 0xC000035A
2020-08-11 02:09:18 *CRITICAL*   Injecting image 'C:\Users\Kris\Documents\coding\RLBot\ML\SuperSonicML\bin\Release\torch.dll'
2020-08-11 02:09:18 *ERROR*      Can't inject 64 bit image 'torch.dll' into WOW64 process
2020-08-11 02:09:19 *ERROR*      Context validation failed, status: 0xC000035A
2020-08-11 02:09:19 *CRITICAL*   Injecting image 'C:\Users\Kris\Documents\coding\RLBot\ML\SuperSonicML\bin\Release\torch_cpu.dll'
2020-08-11 02:09:19 *ERROR*      Can't inject 64 bit image 'torch_cpu.dll' into WOW64 process
2020-08-11 02:09:19 *ERROR*      Context validation failed, status: 0xC000035A
2020-08-11 02:09:19 *CRITICAL*   Injecting image 'C:\Users\Kris\Documents\coding\RLBot\ML\SuperSonicML\bin\Release\torch_global_deps.dll'
2020-08-11 02:09:19 *ERROR*      Can't inject 64 bit image 'torch_global_deps.dll' into WOW64 process
2020-08-11 02:09:19 *ERROR*      Context validation failed, status: 0xC000035A

2020-08-11 02:27:55 *NORMAL*     Started on Windows 10.0.0.18363 x64. Driver status: 0xC0000225
2020-08-11 02:27:55 *CRITICAL*   Injection initiated. Mode: 0, process type: 0, pid: 8560, mmap flags: 0x0, erasePE: 0, unlink: 0, thread hijack: 0, init routine: '', init arg: ''
2020-08-11 02:27:55 *CRITICAL*   Injecting image 'C:\Users\Kris\Documents\coding\RLBot\ML\SuperSonicML\bin\Release\asmjit.dll'
2020-08-11 02:27:55 *ERROR*      Can't inject 64 bit image 'asmjit.dll' into WOW64 process
2020-08-11 02:27:55 *ERROR*      Context validation failed, status: 0xC000035A
2020-08-11 02:27:55 *CRITICAL*   Injecting image 'C:\Users\Kris\Documents\coding\RLBot\ML\SuperSonicML\bin\Release\c10.dll'
2020-08-11 02:27:55 *ERROR*      Can't inject 64 bit image 'c10.dll' into WOW64 process
2020-08-11 02:27:56 *ERROR*      Context validation failed, status: 0xC000035A
2020-08-11 02:27:56 *CRITICAL*   Injecting image 'C:\Users\Kris\Documents\coding\RLBot\ML\SuperSonicML\bin\Release\fbgemm.dll'
2020-08-11 02:27:56 *ERROR*      Can't inject 64 bit image 'fbgemm.dll' into WOW64 process
2020-08-11 02:27:56 *ERROR*      Context validation failed, status: 0xC000035A
2020-08-11 02:27:56 *CRITICAL*   Injecting image 'C:\Users\Kris\Documents\coding\RLBot\ML\SuperSonicML\bin\Release\libiomp5md.dll'
2020-08-11 02:27:56 *ERROR*      Can't inject 64 bit image 'libiomp5md.dll' into WOW64 process
2020-08-11 02:27:56 *ERROR*      Context validation failed, status: 0xC000035A
2020-08-11 02:27:56 *CRITICAL*   Injecting image 'C:\Users\Kris\Documents\coding\RLBot\ML\SuperSonicML\bin\Release\libiompstubs5md.dll'
2020-08-11 02:27:56 *ERROR*      Can't inject 64 bit image 'libiompstubs5md.dll' into WOW64 process
2020-08-11 02:27:56 *ERROR*      Context validation failed, status: 0xC000035A
2020-08-11 02:27:56 *CRITICAL*   Injecting image 'C:\Users\Kris\Documents\coding\RLBot\ML\SuperSonicML\bin\Release\torch.dll'
2020-08-11 02:27:56 *ERROR*      Can't inject 64 bit image 'torch.dll' into WOW64 process
2020-08-11 02:27:56 *ERROR*      Context validation failed, status: 0xC000035A
2020-08-11 02:27:56 *CRITICAL*   Injecting image 'C:\Users\Kris\Documents\coding\RLBot\ML\SuperSonicML\bin\Release\torch_cpu.dll'
2020-08-11 02:27:56 *ERROR*      Can't inject 64 bit image 'torch_cpu.dll' into WOW64 process
2020-08-11 02:27:57 *ERROR*      Context validation failed, status: 0xC000035A
2020-08-11 02:27:57 *CRITICAL*   Injecting image 'C:\Users\Kris\Documents\coding\RLBot\ML\SuperSonicML\bin\Release\torch_global_deps.dll'
2020-08-11 02:27:57 *ERROR*      Can't inject 64 bit image 'torch_global_deps.dll' into WOW64 process
2020-08-11 02:27:57 *ERROR*      Context validation failed, status: 0xC000035A

2020-08-11 02:35:43 *NORMAL*     Started on Windows 10.0.0.18363 x64. Driver status: 0xC0000225
2020-08-11 02:35:43 *CRITICAL*   Injection initiated. Mode: 0, process type: 0, pid: 8232, mmap flags: 0x0, erasePE: 0, unlink: 0, thread hijack: 0, init routine: '', init arg: ''
2020-08-11 02:35:43 *CRITICAL*   Injecting image 'C:\Users\Kris\Documents\coding\RLBot\ML\SuperSonicML\bin\Release\asmjit.dll'
2020-08-11 02:35:43 *ERROR*      Can't inject 64 bit image 'asmjit.dll' into WOW64 process
2020-08-11 02:35:44 *ERROR*      Context validation failed, status: 0xC000035A
2020-08-11 02:35:44 *CRITICAL*   Injecting image 'C:\Users\Kris\Documents\coding\RLBot\ML\SuperSonicML\bin\Release\c10.dll'
2020-08-11 02:35:44 *ERROR*      Can't inject 64 bit image 'c10.dll' into WOW64 process
2020-08-11 02:35:44 *ERROR*      Context validation failed, status: 0xC000035A
2020-08-11 02:35:44 *CRITICAL*   Injecting image 'C:\Users\Kris\Documents\coding\RLBot\ML\SuperSonicML\bin\Release\fbgemm.dll'
2020-08-11 02:35:44 *ERROR*      Can't inject 64 bit image 'fbgemm.dll' into WOW64 process
2020-08-11 02:35:44 *ERROR*      Context validation failed, status: 0xC000035A
2020-08-11 02:35:44 *CRITICAL*   Injecting image 'C:\Users\Kris\Documents\coding\RLBot\ML\SuperSonicML\bin\Release\libiomp5md.dll'
2020-08-11 02:35:44 *ERROR*      Can't inject 64 bit image 'libiomp5md.dll' into WOW64 process
2020-08-11 02:35:44 *ERROR*      Context validation failed, status: 0xC000035A
2020-08-11 02:35:44 *CRITICAL*   Injecting image 'C:\Users\Kris\Documents\coding\RLBot\ML\SuperSonicML\bin\Release\libiompstubs5md.dll'
2020-08-11 02:35:44 *ERROR*      Can't inject 64 bit image 'libiompstubs5md.dll' into WOW64 process
2020-08-11 02:35:44 *ERROR*      Context validation failed, status: 0xC000035A
2020-08-11 02:35:44 *CRITICAL*   Injecting image 'C:\Users\Kris\Documents\coding\RLBot\ML\SuperSonicML\bin\Release\torch.dll'
2020-08-11 02:35:44 *ERROR*      Can't inject 64 bit image 'torch.dll' into WOW64 process
2020-08-11 02:35:44 *ERROR*      Context validation failed, status: 0xC000035A
2020-08-11 02:35:44 *CRITICAL*   Injecting image 'C:\Users\Kris\Documents\coding\RLBot\ML\SuperSonicML\bin\Release\torch_cpu.dll'
2020-08-11 02:35:44 *ERROR*      Can't inject 64 bit image 'torch_cpu.dll' into WOW64 process
2020-08-11 02:35:45 *ERROR*      Context validation failed, status: 0xC000035A
2020-08-11 02:35:45 *CRITICAL*   Injecting image 'C:\Users\Kris\Documents\coding\RLBot\ML\SuperSonicML\bin\Release\torch_global_deps.dll'
2020-08-11 02:35:45 *ERROR*      Can't inject 64 bit image 'torch_global_deps.dll' into WOW64 process
2020-08-11 02:35:45 *ERROR*      Context validation failed, status: 0xC000035A

2020-08-11 17:22:28 *NORMAL*     Started on Windows 10.0.0.18363 x64. Driver status: 0xC0000225
2020-08-11 17:22:28 *ERROR*      File "C:\Users\Kris\Documents\coding\RLBot\ML\SuperSonicML\bin\Release\asmjit.dll" is not a valid PE image
2020-08-11 17:22:30 *ERROR*      File "C:\Users\Kris\Documents\coding\RLBot\ML\SuperSonicML\bin\Release\c10.dll" is not a valid PE image
2020-08-11 17:22:30 *ERROR*      File "C:\Users\Kris\Documents\coding\RLBot\ML\SuperSonicML\bin\Release\fbgemm.dll" is not a valid PE image
2020-08-11 17:22:30 *ERROR*      File "C:\Users\Kris\Documents\coding\RLBot\ML\SuperSonicML\bin\Release\libiomp5md.dll" is not a valid PE image
2020-08-11 17:22:30 *ERROR*      File "C:\Users\Kris\Documents\coding\RLBot\ML\SuperSonicML\bin\Release\libiompstubs5md.dll" is not a valid PE image
2020-08-11 17:22:30 *ERROR*      File "C:\Users\Kris\Documents\coding\RLBot\ML\SuperSonicML\bin\Release\torch.dll" is not a valid PE image
2020-08-11 17:22:30 *ERROR*      File "C:\Users\Kris\Documents\coding\RLBot\ML\SuperSonicML\bin\Release\torch_cpu.dll" is not a valid PE image
2020-08-11 17:22:31 *ERROR*      File "C:\Users\Kris\Documents\coding\RLBot\ML\SuperSonicML\bin\Release\torch_global_deps.dll" is not a valid PE image
2020-08-11 17:22:31 *CRITICAL*   Injection initiated. Mode: 0, process type: 0, pid: 13384, mmap flags: 0x0, erasePE: 0, unlink: 0, thread hijack: 0, init routine: '', init arg: ''

2020-08-11 17:22:35 *NORMAL*     Started on Windows 10.0.0.18363 x64. Driver status: 0xC0000225
2020-08-11 17:22:35 *ERROR*      File "C:\Users\Kris\Documents\coding\RLBot\ML\SuperSonicML\bin\Release\asmjit.dll" is not a valid PE image
2020-08-11 17:22:35 *ERROR*      File "C:\Users\Kris\Documents\coding\RLBot\ML\SuperSonicML\bin\Release\c10.dll" is not a valid PE image
2020-08-11 17:22:36 *ERROR*      File "C:\Users\Kris\Documents\coding\RLBot\ML\SuperSonicML\bin\Release\fbgemm.dll" is not a valid PE image
2020-08-11 17:22:36 *ERROR*      File "C:\Users\Kris\Documents\coding\RLBot\ML\SuperSonicML\bin\Release\libiomp5md.dll" is not a valid PE image
2020-08-11 17:22:36 *ERROR*      File "C:\Users\Kris\Documents\coding\RLBot\ML\SuperSonicML\bin\Release\libiompstubs5md.dll" is not a valid PE image
2020-08-11 17:22:36 *ERROR*      File "C:\Users\Kris\Documents\coding\RLBot\ML\SuperSonicML\bin\Release\torch.dll" is not a valid PE image
2020-08-11 17:22:36 *ERROR*      File "C:\Users\Kris\Documents\coding\RLBot\ML\SuperSonicML\bin\Release\torch_cpu.dll" is not a valid PE image
2020-08-11 17:22:36 *ERROR*      File "C:\Users\Kris\Documents\coding\RLBot\ML\SuperSonicML\bin\Release\torch_global_deps.dll" is not a valid PE image

2020-08-11 17:23:05 *NORMAL*     Started on Windows 10.0.0.18363 x64. Driver status: 0xC0000225
2020-08-11 17:23:05 *CRITICAL*   Injection initiated. Mode: 0, process type: 0, pid: 13384, mmap flags: 0x0, erasePE: 0, unlink: 0, thread hijack: 0, init routine: '', init arg: ''
2020-08-11 17:23:05 *CRITICAL*   Injecting image 'C:\Users\Kris\Documents\coding\RLBot\ML\SuperSonicML\build\bin\Release\asmjit.dll'
2020-08-11 17:23:05 *ERROR*      Can't inject 64 bit image 'asmjit.dll' into WOW64 process
2020-08-11 17:23:06 *ERROR*      Context validation failed, status: 0xC000035A
2020-08-11 17:23:06 *CRITICAL*   Injecting image 'C:\Users\Kris\Documents\coding\RLBot\ML\SuperSonicML\build\bin\Release\c10.dll'
2020-08-11 17:23:06 *ERROR*      Can't inject 64 bit image 'c10.dll' into WOW64 process
2020-08-11 17:23:06 *ERROR*      Context validation failed, status: 0xC000035A
2020-08-11 17:23:06 *CRITICAL*   Injecting image 'C:\Users\Kris\Documents\coding\RLBot\ML\SuperSonicML\build\bin\Release\fbgemm.dll'
2020-08-11 17:23:06 *ERROR*      Can't inject 64 bit image 'fbgemm.dll' into WOW64 process
2020-08-11 17:23:07 *ERROR*      Context validation failed, status: 0xC000035A
2020-08-11 17:23:07 *CRITICAL*   Injecting image 'C:\Users\Kris\Documents\coding\RLBot\ML\SuperSonicML\build\bin\Release\libiomp5md.dll'
2020-08-11 17:23:07 *ERROR*      Can't inject 64 bit image 'libiomp5md.dll' into WOW64 process
2020-08-11 17:23:07 *ERROR*      Context validation failed, status: 0xC000035A
2020-08-11 17:23:07 *CRITICAL*   Injecting image 'C:\Users\Kris\Documents\coding\RLBot\ML\SuperSonicML\build\bin\Release\libiompstubs5md.dll'
2020-08-11 17:23:07 *ERROR*      Can't inject 64 bit image 'libiompstubs5md.dll' into WOW64 process
2020-08-11 17:23:07 *ERROR*      Context validation failed, status: 0xC000035A
2020-08-11 17:23:07 *CRITICAL*   Injecting image 'C:\Users\Kris\Documents\coding\RLBot\ML\SuperSonicML\build\bin\Release\torch.dll'
2020-08-11 17:23:07 *ERROR*      Can't inject 64 bit image 'torch.dll' into WOW64 process
2020-08-11 17:23:07 *ERROR*      Context validation failed, status: 0xC000035A
2020-08-11 17:23:07 *CRITICAL*   Injecting image 'C:\Users\Kris\Documents\coding\RLBot\ML\SuperSonicML\build\bin\Release\torch_cpu.dll'
2020-08-11 17:23:07 *ERROR*      Can't inject 64 bit image 'torch_cpu.dll' into WOW64 process
2020-08-11 17:23:07 *ERROR*      Context validation failed, status: 0xC000035A
2020-08-11 17:23:07 *CRITICAL*   Injecting image 'C:\Users\Kris\Documents\coding\RLBot\ML\SuperSonicML\build\bin\Release\torch_global_deps.dll'
2020-08-11 17:23:07 *ERROR*      Can't inject 64 bit image 'torch_global_deps.dll' into WOW64 process
2020-08-11 17:23:08 *ERROR*      Context validation failed, status: 0xC000035A

2020-08-11 17:57:46 *NORMAL*     Started on Windows 10.0.0.18363 x64. Driver status: 0xC0000225
2020-08-11 17:57:46 *CRITICAL*   Injection initiated. Mode: 0, process type: 0, pid: 3448, mmap flags: 0x0, erasePE: 0, unlink: 0, thread hijack: 0, init routine: '', init arg: ''
2020-08-11 17:57:46 *CRITICAL*   Injecting image 'C:\Users\Kris\Documents\coding\RLBot\ML\SuperSonicML\build\bin\Release\asmjit.dll'
2020-08-11 17:57:46 *ERROR*      Can't inject 64 bit image 'asmjit.dll' into WOW64 process
2020-08-11 17:57:47 *ERROR*      Context validation failed, status: 0xC000035A
2020-08-11 17:57:47 *CRITICAL*   Injecting image 'C:\Users\Kris\Documents\coding\RLBot\ML\SuperSonicML\build\bin\Release\c10.dll'
2020-08-11 17:57:47 *ERROR*      Can't inject 64 bit image 'c10.dll' into WOW64 process
2020-08-11 17:57:47 *ERROR*      Context validation failed, status: 0xC000035A
2020-08-11 17:57:47 *CRITICAL*   Injecting image 'C:\Users\Kris\Documents\coding\RLBot\ML\SuperSonicML\build\bin\Release\fbgemm.dll'
2020-08-11 17:57:47 *ERROR*      Can't inject 64 bit image 'fbgemm.dll' into WOW64 process
2020-08-11 17:57:47 *ERROR*      Context validation failed, status: 0xC000035A
2020-08-11 17:57:47 *CRITICAL*   Injecting image 'C:\Users\Kris\Documents\coding\RLBot\ML\SuperSonicML\build\bin\Release\libiomp5md.dll'
2020-08-11 17:57:47 *ERROR*      Can't inject 64 bit image 'libiomp5md.dll' into WOW64 process
2020-08-11 17:57:47 *ERROR*      Context validation failed, status: 0xC000035A
2020-08-11 17:57:47 *CRITICAL*   Injecting image 'C:\Users\Kris\Documents\coding\RLBot\ML\SuperSonicML\build\bin\Release\libiompstubs5md.dll'
2020-08-11 17:57:47 *ERROR*      Can't inject 64 bit image 'libiompstubs5md.dll' into WOW64 process
2020-08-11 17:57:48 *ERROR*      Context validation failed, status: 0xC000035A
2020-08-11 17:57:48 *CRITICAL*   Injecting image 'C:\Users\Kris\Documents\coding\RLBot\ML\SuperSonicML\build\bin\Release\torch.dll'
2020-08-11 17:57:48 *ERROR*      Can't inject 64 bit image 'torch.dll' into WOW64 process
2020-08-11 17:57:48 *ERROR*      Context validation failed, status: 0xC000035A
2020-08-11 17:57:48 *CRITICAL*   Injecting image 'C:\Users\Kris\Documents\coding\RLBot\ML\SuperSonicML\build\bin\Release\torch_cpu.dll'
2020-08-11 17:57:48 *ERROR*      Can't inject 64 bit image 'torch_cpu.dll' into WOW64 process
2020-08-11 17:57:48 *ERROR*      Context validation failed, status: 0xC000035A
2020-08-11 17:57:48 *CRITICAL*   Injecting image 'C:\Users\Kris\Documents\coding\RLBot\ML\SuperSonicML\build\bin\Release\torch_global_deps.dll'
2020-08-11 17:57:48 *ERROR*      Can't inject 64 bit image 'torch_global_deps.dll' into WOW64 process
2020-08-11 17:57:48 *ERROR*      Context validation failed, status: 0xC000035A

2020-08-11 17:57:50 *NORMAL*     Started on Windows 10.0.0.18363 x64. Driver status: 0xC0000225
2020-08-11 17:57:50 *CRITICAL*   Injection initiated. Mode: 0, process type: 0, pid: 3448, mmap flags: 0x0, erasePE: 0, unlink: 0, thread hijack: 0, init routine: '', init arg: ''
2020-08-11 17:57:50 *CRITICAL*   Injecting image 'C:\Users\Kris\Documents\coding\RLBot\ML\SuperSonicML\build\bin\Release\asmjit.dll'
2020-08-11 17:57:50 *ERROR*      Can't inject 64 bit image 'asmjit.dll' into WOW64 process
2020-08-11 17:57:51 *ERROR*      Context validation failed, status: 0xC000035A
2020-08-11 17:57:51 *CRITICAL*   Injecting image 'C:\Users\Kris\Documents\coding\RLBot\ML\SuperSonicML\build\bin\Release\c10.dll'
2020-08-11 17:57:51 *ERROR*      Can't inject 64 bit image 'c10.dll' into WOW64 process
2020-08-11 17:57:51 *ERROR*      Context validation failed, status: 0xC000035A
2020-08-11 17:57:51 *CRITICAL*   Injecting image 'C:\Users\Kris\Documents\coding\RLBot\ML\SuperSonicML\build\bin\Release\fbgemm.dll'
2020-08-11 17:57:51 *ERROR*      Can't inject 64 bit image 'fbgemm.dll' into WOW64 process
2020-08-11 17:57:51 *ERROR*      Context validation failed, status: 0xC000035A
2020-08-11 17:57:51 *CRITICAL*   Injecting image 'C:\Users\Kris\Documents\coding\RLBot\ML\SuperSonicML\build\bin\Release\libiomp5md.dll'
2020-08-11 17:57:51 *ERROR*      Can't inject 64 bit image 'libiomp5md.dll' into WOW64 process
2020-08-11 17:57:51 *ERROR*      Context validation failed, status: 0xC000035A
2020-08-11 17:57:51 *CRITICAL*   Injecting image 'C:\Users\Kris\Documents\coding\RLBot\ML\SuperSonicML\build\bin\Release\libiompstubs5md.dll'
2020-08-11 17:57:51 *ERROR*      Can't inject 64 bit image 'libiompstubs5md.dll' into WOW64 process
2020-08-11 17:57:52 *ERROR*      Context validation failed, status: 0xC000035A
2020-08-11 17:57:52 *CRITICAL*   Injecting image 'C:\Users\Kris\Documents\coding\RLBot\ML\SuperSonicML\build\bin\Release\torch.dll'
2020-08-11 17:57:52 *ERROR*      Can't inject 64 bit image 'torch.dll' into WOW64 process
2020-08-11 17:57:52 *ERROR*      Context validation failed, status: 0xC000035A
2020-08-11 17:57:52 *CRITICAL*   Injecting image 'C:\Users\Kris\Documents\coding\RLBot\ML\SuperSonicML\build\bin\Release\torch_cpu.dll'
2020-08-11 17:57:52 *ERROR*      Can't inject 64 bit image 'torch_cpu.dll' into WOW64 process
2020-08-11 17:57:52 *ERROR*      Context validation failed, status: 0xC000035A
2020-08-11 17:57:52 *CRITICAL*   Injecting image 'C:\Users\Kris\Documents\coding\RLBot\ML\SuperSonicML\build\bin\Release\torch_global_deps.dll'
2020-08-11 17:57:52 *ERROR*      Can't inject 64 bit image 'torch_global_deps.dll' into WOW64 process
2020-08-11 17:57:52 *ERROR*      Context validation failed, status: 0xC000035A

2020-08-11 17:59:50 *NORMAL*     Started on Windows 10.0.0.18363 x64. Driver status: 0xC0000225
2020-08-11 17:59:50 *CRITICAL*   Injection initiated. Mode: 0, process type: 0, pid: 18868, mmap flags: 0x0, erasePE: 0, unlink: 0, thread hijack: 0, init routine: '', init arg: ''
2020-08-11 17:59:50 *CRITICAL*   Injecting image 'C:\Users\Kris\Documents\coding\RLBot\ML\SuperSonicML\build\bin\Release\asmjit.dll'
2020-08-11 17:59:50 *ERROR*      Can't inject 64 bit image 'asmjit.dll' into WOW64 process
2020-08-11 17:59:51 *ERROR*      Context validation failed, status: 0xC000035A
2020-08-11 17:59:51 *CRITICAL*   Injecting image 'C:\Users\Kris\Documents\coding\RLBot\ML\SuperSonicML\build\bin\Release\c10.dll'
2020-08-11 17:59:51 *ERROR*      Can't inject 64 bit image 'c10.dll' into WOW64 process
2020-08-11 17:59:51 *ERROR*      Context validation failed, status: 0xC000035A
2020-08-11 17:59:51 *CRITICAL*   Injecting image 'C:\Users\Kris\Documents\coding\RLBot\ML\SuperSonicML\build\bin\Release\fbgemm.dll'
2020-08-11 17:59:51 *ERROR*      Can't inject 64 bit image 'fbgemm.dll' into WOW64 process
2020-08-11 17:59:51 *ERROR*      Context validation failed, status: 0xC000035A
2020-08-11 17:59:51 *CRITICAL*   Injecting image 'C:\Users\Kris\Documents\coding\RLBot\ML\SuperSonicML\build\bin\Release\libiomp5md.dll'
2020-08-11 17:59:51 *ERROR*      Can't inject 64 bit image 'libiomp5md.dll' into WOW64 process
2020-08-11 17:59:51 *ERROR*      Context validation failed, status: 0xC000035A
2020-08-11 17:59:51 *CRITICAL*   Injecting image 'C:\Users\Kris\Documents\coding\RLBot\ML\SuperSonicML\build\bin\Release\libiompstubs5md.dll'
2020-08-11 17:59:51 *ERROR*      Can't inject 64 bit image 'libiompstubs5md.dll' into WOW64 process
2020-08-11 17:59:51 *ERROR*      Context validation failed, status: 0xC000035A
2020-08-11 17:59:51 *CRITICAL*   Injecting image 'C:\Users\Kris\Documents\coding\RLBot\ML\SuperSonicML\build\bin\Release\torch.dll'
2020-08-11 17:59:51 *ERROR*      Can't inject 64 bit image 'torch.dll' into WOW64 process
2020-08-11 17:59:51 *ERROR*      Context validation failed, status: 0xC000035A
2020-08-11 17:59:51 *CRITICAL*   Injecting image 'C:\Users\Kris\Documents\coding\RLBot\ML\SuperSonicML\build\bin\Release\torch_cpu.dll'
2020-08-11 17:59:51 *ERROR*      Can't inject 64 bit image 'torch_cpu.dll' into WOW64 process
2020-08-11 17:59:51 *ERROR*      Context validation failed, status: 0xC000035A
2020-08-11 17:59:51 *CRITICAL*   Injecting image 'C:\Users\Kris\Documents\coding\RLBot\ML\SuperSonicML\build\bin\Release\torch_global_deps.dll'
2020-08-11 17:59:51 *ERROR*      Can't inject 64 bit image 'torch_global_deps.dll' into WOW64 process
2020-08-11 17:59:52 *ERROR*      Context validation failed, status: 0xC000035A

2020-08-11 18:04:28 *NORMAL*     Started on Windows 10.0.0.18363 x64. Driver status: 0xC0000225
2020-08-11 18:04:28 *CRITICAL*   Injection initiated. Mode: 0, process type: 0, pid: 4388, mmap flags: 0x0, erasePE: 0, unlink: 0, thread hijack: 0, init routine: '', init arg: ''
2020-08-11 18:04:28 *CRITICAL*   Injecting image 'C:\Users\Kris\Documents\coding\RLBot\ML\SuperSonicML\build\bin\Release\asmjit.dll'
2020-08-11 18:04:28 *ERROR*      Can't inject 64 bit image 'asmjit.dll' into WOW64 process
2020-08-11 18:04:29 *ERROR*      Context validation failed, status: 0xC000035A
2020-08-11 18:04:29 *CRITICAL*   Injecting image 'C:\Users\Kris\Documents\coding\RLBot\ML\SuperSonicML\build\bin\Release\c10.dll'
2020-08-11 18:04:29 *ERROR*      Can't inject 64 bit image 'c10.dll' into WOW64 process
2020-08-11 18:04:29 *ERROR*      Context validation failed, status: 0xC000035A
2020-08-11 18:04:29 *CRITICAL*   Injecting image 'C:\Users\Kris\Documents\coding\RLBot\ML\SuperSonicML\build\bin\Release\fbgemm.dll'
2020-08-11 18:04:29 *ERROR*      Can't inject 64 bit image 'fbgemm.dll' into WOW64 process
2020-08-11 18:04:31 *ERROR*      Context validation failed, status: 0xC000035A
2020-08-11 18:04:31 *CRITICAL*   Injecting image 'C:\Users\Kris\Documents\coding\RLBot\ML\SuperSonicML\build\bin\Release\libiomp5md.dll'
2020-08-11 18:04:31 *ERROR*      Can't inject 64 bit image 'libiomp5md.dll' into WOW64 process
2020-08-11 18:04:31 *ERROR*      Context validation failed, status: 0xC000035A
2020-08-11 18:04:31 *CRITICAL*   Injecting image 'C:\Users\Kris\Documents\coding\RLBot\ML\SuperSonicML\build\bin\Release\libiompstubs5md.dll'
2020-08-11 18:04:31 *ERROR*      Can't inject 64 bit image 'libiompstubs5md.dll' into WOW64 process
2020-08-11 18:04:31 *ERROR*      Context validation failed, status: 0xC000035A
2020-08-11 18:04:31 *CRITICAL*   Injecting image 'C:\Users\Kris\Documents\coding\RLBot\ML\SuperSonicML\build\bin\Release\torch.dll'
2020-08-11 18:04:31 *ERROR*      Can't inject 64 bit image 'torch.dll' into WOW64 process
2020-08-11 18:04:32 *ERROR*      Context validation failed, status: 0xC000035A
2020-08-11 18:04:32 *CRITICAL*   Injecting image 'C:\Users\Kris\Documents\coding\RLBot\ML\SuperSonicML\build\bin\Release\torch_cpu.dll'
2020-08-11 18:04:32 *ERROR*      Can't inject 64 bit image 'torch_cpu.dll' into WOW64 process
2020-08-11 18:04:32 *ERROR*      Context validation failed, status: 0xC000035A
2020-08-11 18:04:32 *CRITICAL*   Injecting image 'C:\Users\Kris\Documents\coding\RLBot\ML\SuperSonicML\build\bin\Release\torch_global_deps.dll'
2020-08-11 18:04:32 *ERROR*      Can't inject 64 bit image 'torch_global_deps.dll' into WOW64 process
2020-08-11 18:04:33 *ERROR*      Context validation failed, status: 0xC000035A

